2024-01-29 info: GET /Content/Media?url=food/eatsy-thit-de-nac.jpg null [9ms]
2024-01-29 info: GET /favicon.ico null [2ms]
2024-01-29 info: GET /Content/Media?url=food/eatsy-thit-de-nac.jpg null [2ms]
2024-01-29 info: GET /Content/Media?url=food/eatsy-thit-de-nac.jpg null [1ms]
2024-01-29 info: GET /Content/Media?url=food/eatsy-thit-de-nac.jpg null [1ms]
2024-01-29 info: GET /Content/Media?url=food/eatsy-thit-de-nac.jpg null [1ms]
2024-01-29 info: GET /Content/Media?url=food/eatsy-thit-de-nac.jpg null [1ms]
2024-01-29 info: GET /Content/Media?url=food/eatsy-thit-de-nac.jpg null [1ms]
2024-01-29 info: GET /Content/Media?url=food/eatsy-thit-de-nac.jpg null [1ms]
2024-01-29 info: GET /Content/Media?url=food/eatsy-thit-de-nac.jpg null [1ms]
2024-01-29 info: GET /Content/Media?url=food/eatsy-thit-de-nac.jpg null [1ms]
2024-01-29 info: GET /Content/Media?url=food/eatsy-thit-bo-nam.jpg null [4ms]
2024-01-29 info: GET /Content/Media?url=food/eatsy-thit-de-nac.jpg null [7ms]
2024-01-29 info: GET /Content/Media?url=food/eatsy-thit-de-nac.jpg null [1ms]
2024-01-29 info: GET /Content/Media?url=food/eatsy-thit-de-nac.jpg null [5ms]
2024-01-29 info: C:\Users\huyfa\OneDrive\Documents\Work\Eatsy\Back End\Migrate\eatsy-file\Uploads\food\eatsy-thit-de-nac.jpg
2024-01-29 info: GET /Content/Media?url=food/eatsy-thit-de-nac.jpg null [12ms]
2024-01-29 info: C:\Users\huyfa\OneDrive\Documents\Work\Eatsy\Back End\Migrate\eatsy-file\Uploads\Food\eatsy-thit-de-nac.jpg
2024-01-29 info: GET /Content/Media?url=Food/eatsy-thit-de-nac.jpg null [3ms]
2024-01-29 info: GET /favicon.ico null [2ms]
2024-01-29 info: C:\Users\huyfa\OneDrive\Documents\Work\Eatsy\Back End\Migrate\eatsy-file\Uploads\food\eatsy-thit-de-nac.jpg
2024-01-29 info: GET /Content/Media?url=food/eatsy-thit-de-nac.jpg null [3ms]
